This file contains any messages produced by compilers while
running configure, to aid debugging if configure makes a mistake.

It was created by vocabnotify configure 0.1, which was
generated by GNU Autoconf 2.69.  Invocation command line was

  $ /home/chol/Documents/Projects/vocabnotify/configure --enable-maintainer-mode CFLAGS=-g -O0 CXXFLAGS=-g -O0 JFLAGS=-g -O0 FFLAGS=-g -O0 --no-create --no-recursion

## --------- ##
## Platform. ##
## --------- ##

hostname = localhost
uname -m = x86_64
uname -r = 3.6.4
uname -s = Linux
uname -v = #9 SMP Tue Dec 24 07:45:06 EST 2013

/usr/bin/uname -p = AMD Athlon(tm) 64 X2 Dual Core Processor 3600+
/bin/uname -X     = unknown

/bin/arch              = unknown
/usr/bin/arch -k       = unknown
/usr/convex/getsysinfo = unknown
/usr/bin/hostinfo      = unknown
/bin/machine           = unknown
/usr/bin/oslevel       = unknown
/bin/universe          = unknown

PATH: /usr/local/bin
PATH: /usr/bin
PATH: /bin
PATH: /opt/bin
PATH: /usr/x86_64-pc-linux-gnu/gcc-bin/4.7.3
PATH: /usr/x86_64-pc-linux-gnu/avr/gcc-bin/4.7.3
PATH: /usr/games/bin


## ----------- ##
## Core tests. ##
## ----------- ##

configure:2315: checking for a BSD-compatible install
configure:2383: result: /usr/bin/install -c
configure:2394: checking whether build environment is sane
configure:2449: result: yes
configure:2600: checking for a thread-safe mkdir -p
configure:2639: result: /usr/bin/mkdir -p
configure:2646: checking for gawk
configure:2662: found /usr/bin/gawk
configure:2673: result: gawk
configure:2684: checking whether make sets $(MAKE)
configure:2706: result: yes
configure:2735: checking whether make supports nested variables
configure:2752: result: yes
configure:2848: checking whether make supports nested variables
configure:2865: result: yes
configure:2925: checking for gcc
configure:2941: found /usr/bin/gcc
configure:2952: result: gcc
configure:3181: checking for C compiler version
configure:3190: gcc --version >&5
gcc (Gentoo 4.7.3-r1 p1.3, pie-0.5.5) 4.7.3
Copyright (C) 2012 Free Software Foundation, Inc.
This is free software; see the source for copying conditions.  There is NO
warranty; not even for MERCHANTABILITY or FITNESS FOR A PARTICULAR PURPOSE.

configure:3201: $? = 0
configure:3190: gcc -v >&5
Using built-in specs.
COLLECT_GCC=/usr/x86_64-pc-linux-gnu/gcc-bin/4.7.3/gcc
COLLECT_LTO_WRAPPER=/usr/libexec/gcc/x86_64-pc-linux-gnu/4.7.3/lto-wrapper
Target: x86_64-pc-linux-gnu
Configured with: /var/tmp/portage/sys-devel/gcc-4.7.3-r1/work/gcc-4.7.3/configure --prefix=/usr --bindir=/usr/x86_64-pc-linux-gnu/gcc-bin/4.7.3 --includedir=/usr/lib/gcc/x86_64-pc-linux-gnu/4.7.3/include --datadir=/usr/share/gcc-data/x86_64-pc-linux-gnu/4.7.3 --mandir=/usr/share/gcc-data/x86_64-pc-linux-gnu/4.7.3/man --infodir=/usr/share/gcc-data/x86_64-pc-linux-gnu/4.7.3/info --with-gxx-include-dir=/usr/lib/gcc/x86_64-pc-linux-gnu/4.7.3/include/g++-v4 --host=x86_64-pc-linux-gnu --build=x86_64-pc-linux-gnu --disable-altivec --disable-fixed-point --without-cloog --without-ppl --disable-lto --enable-nls --without-included-gettext --with-system-zlib --enable-obsolete --disable-werror --enable-secureplt --enable-multilib --with-multilib-list=m32,m64 --enable-libmudflap --disable-libssp --enable-libgomp --with-python-dir=/share/gcc-data/x86_64-pc-linux-gnu/4.7.3/python --enable-checking=release --disable-libgcj --enable-libstdcxx-time --enable-languages=c,c++,fortran --enable-shared --enable-threads=posix --enable-__cxa_atexit --enable-clocale=gnu --enable-targets=all --with-bugurl=http://bugs.gentoo.org/ --with-pkgversion='Gentoo 4.7.3-r1 p1.3, pie-0.5.5'
Thread model: posix
gcc version 4.7.3 (Gentoo 4.7.3-r1 p1.3, pie-0.5.5) 
configure:3201: $? = 0
configure:3190: gcc -V >&5
gcc: error: unrecognized command line option '-V'
gcc: fatal error: no input files
compilation terminated.
configure:3201: $? = 1
configure:3190: gcc -qversion >&5
gcc: error: unrecognized command line option '-qversion'
gcc: fatal error: no input files
compilation terminated.
configure:3201: $? = 1
configure:3221: checking whether the C compiler works
configure:3243: gcc -g -O0   conftest.c  >&5
configure:3247: $? = 0
configure:3295: result: yes
configure:3298: checking for C compiler default output file name
configure:3300: result: a.out
configure:3306: checking for suffix of executables
configure:3313: gcc -o conftest -g -O0   conftest.c  >&5
configure:3317: $? = 0
configure:3339: result: 
configure:3361: checking whether we are cross compiling
configure:3369: gcc -o conftest -g -O0   conftest.c  >&5
configure:3373: $? = 0
configure:3380: ./conftest
configure:3384: $? = 0
configure:3399: result: no
configure:3404: checking for suffix of object files
configure:3426: gcc -c -g -O0  conftest.c >&5
configure:3430: $? = 0
configure:3451: result: o
configure:3455: checking whether we are using the GNU C compiler
configure:3474: gcc -c -g -O0  conftest.c >&5
configure:3474: $? = 0
configure:3483: result: yes
configure:3492: checking whether gcc accepts -g
configure:3512: gcc -c -g  conftest.c >&5
configure:3512: $? = 0
configure:3553: result: yes
configure:3570: checking for gcc option to accept ISO C89
configure:3633: gcc  -c -g -O0  conftest.c >&5
configure:3633: $? = 0
configure:3646: result: none needed
configure:3677: checking for style of include used by make
configure:3705: result: GNU
configure:3731: checking dependency style of gcc
configure:3842: result: gcc3
configure:3862: checking whether NLS is requested
configure:3871: result: yes
configure:3889: checking for intltool >= 0.35.0
configure:3891: result: 0.50.2 found
configure:3899: checking for intltool-update
configure:3917: found /usr/bin/intltool-update
configure:3929: result: /usr/bin/intltool-update
configure:3939: checking for intltool-merge
configure:3957: found /usr/bin/intltool-merge
configure:3969: result: /usr/bin/intltool-merge
configure:3979: checking for intltool-extract
configure:3997: found /usr/bin/intltool-extract
configure:4009: result: /usr/bin/intltool-extract
configure:4163: checking for xgettext
configure:4181: found /usr/bin/xgettext
configure:4193: result: /usr/bin/xgettext
configure:4203: checking for msgmerge
configure:4221: found /usr/bin/msgmerge
configure:4233: result: /usr/bin/msgmerge
configure:4243: checking for msgfmt
configure:4261: found /usr/bin/msgfmt
configure:4273: result: /usr/bin/msgfmt
configure:4283: checking for gmsgfmt
configure:4301: found /usr/bin/gmsgfmt
configure:4314: result: /usr/bin/gmsgfmt
configure:4334: checking for perl
configure:4352: found /usr/bin/perl
configure:4364: result: /usr/bin/perl
configure:4375: checking for perl >= 5.8.1
configure:4382: result: 5.12.4
configure:4386: checking for XML::Parser
configure:4389: result: ok
configure:4417: checking how to run the C preprocessor
configure:4448: gcc -E  conftest.c
configure:4448: $? = 0
configure:4462: gcc -E  conftest.c
conftest.c:12:28: fatal error: ac_nonexistent.h: No such file or directory
compilation terminated.
configure:4462: $? = 1
configure: failed program was:
| /* confdefs.h */
| #define PACKAGE_NAME "vocabnotify"
| #define PACKAGE_TARNAME "vocabnotify"
| #define PACKAGE_VERSION "0.1"
| #define PACKAGE_STRING "vocabnotify 0.1"
| #define PACKAGE_BUGREPORT ""
| #define PACKAGE_URL ""
| #define PACKAGE "vocabnotify"
| #define VERSION "0.1"
| #define GETTEXT_PACKAGE "vocabnotify"
| /* end confdefs.h.  */
| #include <ac_nonexistent.h>
configure:4487: result: gcc -E
configure:4507: gcc -E  conftest.c
configure:4507: $? = 0
configure:4521: gcc -E  conftest.c
conftest.c:12:28: fatal error: ac_nonexistent.h: No such file or directory
compilation terminated.
configure:4521: $? = 1
configure: failed program was:
| /* confdefs.h */
| #define PACKAGE_NAME "vocabnotify"
| #define PACKAGE_TARNAME "vocabnotify"
| #define PACKAGE_VERSION "0.1"
| #define PACKAGE_STRING "vocabnotify 0.1"
| #define PACKAGE_BUGREPORT ""
| #define PACKAGE_URL ""
| #define PACKAGE "vocabnotify"
| #define VERSION "0.1"
| #define GETTEXT_PACKAGE "vocabnotify"
| /* end confdefs.h.  */
| #include <ac_nonexistent.h>
configure:4550: checking for grep that handles long lines and -e
configure:4608: result: /bin/grep
configure:4613: checking for egrep
configure:4675: result: /bin/grep -E
configure:4680: checking for ANSI C header files
configure:4700: gcc -c -g -O0  conftest.c >&5
configure:4700: $? = 0
configure:4773: gcc -o conftest -g -O0   conftest.c  >&5
configure:4773: $? = 0
configure:4773: ./conftest
configure:4773: $? = 0
configure:4784: result: yes
configure:4797: checking for sys/types.h
configure:4797: gcc -c -g -O0  conftest.c >&5
configure:4797: $? = 0
configure:4797: result: yes
configure:4797: checking for sys/stat.h
configure:4797: gcc -c -g -O0  conftest.c >&5
configure:4797: $? = 0
configure:4797: result: yes
configure:4797: checking for stdlib.h
configure:4797: gcc -c -g -O0  conftest.c >&5
configure:4797: $? = 0
configure:4797: result: yes
configure:4797: checking for string.h
configure:4797: gcc -c -g -O0  conftest.c >&5
configure:4797: $? = 0
configure:4797: result: yes
configure:4797: checking for memory.h
configure:4797: gcc -c -g -O0  conftest.c >&5
configure:4797: $? = 0
configure:4797: result: yes
configure:4797: checking for strings.h
configure:4797: gcc -c -g -O0  conftest.c >&5
configure:4797: $? = 0
configure:4797: result: yes
configure:4797: checking for inttypes.h
configure:4797: gcc -c -g -O0  conftest.c >&5
configure:4797: $? = 0
configure:4797: result: yes
configure:4797: checking for stdint.h
configure:4797: gcc -c -g -O0  conftest.c >&5
configure:4797: $? = 0
configure:4797: result: yes
configure:4797: checking for unistd.h
configure:4797: gcc -c -g -O0  conftest.c >&5
configure:4797: $? = 0
configure:4797: result: yes
configure:4812: checking locale.h usability
configure:4812: gcc -c -g -O0  conftest.c >&5
configure:4812: $? = 0
configure:4812: result: yes
configure:4812: checking locale.h presence
configure:4812: gcc -E  conftest.c
configure:4812: $? = 0
configure:4812: result: yes
configure:4812: checking for locale.h
configure:4812: result: yes
configure:4823: checking for LC_MESSAGES
configure:4839: gcc -o conftest -g -O0   conftest.c  >&5
configure:4839: $? = 0
configure:4847: result: yes
configure:4864: checking libintl.h usability
configure:4864: gcc -c -g -O0  conftest.c >&5
configure:4864: $? = 0
configure:4864: result: yes
configure:4864: checking libintl.h presence
configure:4864: gcc -E  conftest.c
configure:4864: $? = 0
configure:4864: result: yes
configure:4864: checking for libintl.h
configure:4864: result: yes
configure:4872: checking for ngettext in libc
configure:4890: gcc -o conftest -g -O0   conftest.c  >&5
configure:4890: $? = 0
configure:4899: result: yes
configure:4903: checking for dgettext in libc
configure:4921: gcc -o conftest -g -O0   conftest.c  >&5
configure:4921: $? = 0
configure:4930: result: yes
configure:4937: checking for bind_textdomain_codeset
configure:4937: gcc -o conftest -g -O0   conftest.c  >&5
configure:4937: $? = 0
configure:4937: result: yes
configure:5213: checking for msgfmt
configure:5240: result: /usr/bin/msgfmt
configure:5251: checking for dcgettext
configure:5251: gcc -o conftest -g -O0   conftest.c   >&5
conftest.c:49:6: warning: conflicting types for built-in function 'dcgettext' [enabled by default]
configure:5251: $? = 0
configure:5251: result: yes
configure:5261: checking if msgfmt accepts -c
configure:5276: $MSGFMT -c -o /dev/null conftest.foo
conftest.foo:3: warning: header field 'Language' missing in header
configure:5279: $? = 0
configure:5281: result: yes
configure:5291: checking for gmsgfmt
configure:5322: result: /usr/bin/gmsgfmt
configure:5332: checking for xgettext
configure:5359: result: /usr/bin/xgettext
configure:5378: gcc -o conftest -g -O0   conftest.c   >&5
configure:5378: $? = 0
configure:5549: checking build system type
configure:5563: result: x86_64-unknown-linux-gnu
configure:5583: checking host system type
configure:5596: result: x86_64-unknown-linux-gnu
configure:5637: checking how to print strings
configure:5664: result: printf
configure:5685: checking for a sed that does not truncate output
configure:5749: result: /bin/sed
configure:5767: checking for fgrep
configure:5829: result: /bin/grep -F
configure:5864: checking for ld used by gcc
configure:5931: result: /usr/x86_64-pc-linux-gnu/bin/ld
configure:5938: checking if the linker (/usr/x86_64-pc-linux-gnu/bin/ld) is GNU ld
configure:5953: result: yes
configure:5965: checking for BSD- or MS-compatible name lister (nm)
configure:6014: result: /usr/bin/nm -B
configure:6144: checking the name lister (/usr/bin/nm -B) interface
configure:6151: gcc -c -g -O0  conftest.c >&5
configure:6154: /usr/bin/nm -B "conftest.o"
configure:6157: output
0000000000000000 B some_variable
configure:6164: result: BSD nm
configure:6167: checking whether ln -s works
configure:6171: result: yes
configure:6179: checking the maximum length of command line arguments
configure:6309: result: 1572864
configure:6326: checking whether the shell understands some XSI constructs
configure:6336: result: yes
configure:6340: checking whether the shell understands "+="
configure:6346: result: yes
configure:6381: checking how to convert x86_64-unknown-linux-gnu file names to x86_64-unknown-linux-gnu format
configure:6421: result: func_convert_file_noop
configure:6428: checking how to convert x86_64-unknown-linux-gnu file names to toolchain format
configure:6448: result: func_convert_file_noop
configure:6455: checking for /usr/x86_64-pc-linux-gnu/bin/ld option to reload object files
configure:6462: result: -r
configure:6536: checking for objdump
configure:6552: found /usr/bin/objdump
configure:6563: result: objdump
configure:6595: checking how to recognize dependent libraries
configure:6797: result: pass_all
configure:6882: checking for dlltool
configure:6912: result: no
configure:6942: checking how to associate runtime and link libraries
configure:6969: result: printf %s\n
configure:7029: checking for ar
configure:7045: found /usr/bin/ar
configure:7056: result: ar
configure:7093: checking for archiver @FILE support
configure:7110: gcc -c -g -O0  conftest.c >&5
configure:7110: $? = 0
configure:7113: ar cru libconftest.a @conftest.lst >&5
configure:7116: $? = 0
configure:7121: ar cru libconftest.a @conftest.lst >&5
ar: conftest.o: No such file or directory
configure:7124: $? = 1
configure:7136: result: @
configure:7194: checking for strip
configure:7210: found /usr/bin/strip
configure:7221: result: strip
configure:7293: checking for ranlib
configure:7309: found /usr/bin/ranlib
configure:7320: result: ranlib
configure:7422: checking command to parse /usr/bin/nm -B output from gcc object
configure:7542: gcc -c -g -O0  conftest.c >&5
configure:7545: $? = 0
configure:7549: /usr/bin/nm -B conftest.o \| sed -n -e 's/^.*[ ]\([ABCDGIRSTW][ABCDGIRSTW]*\)[ ][ ]*\([_A-Za-z][_A-Za-z0-9]*\)$/\1 \2 \2/p' | sed '/ __gnu_lto/d' \> conftest.nm
configure:7552: $? = 0
configure:7618: gcc -o conftest -g -O0   conftest.c conftstm.o >&5
configure:7621: $? = 0
configure:7659: result: ok
configure:7696: checking for sysroot
configure:7726: result: no
configure:7803: gcc -c -g -O0  conftest.c >&5
configure:7806: $? = 0
configure:7982: checking for mt
configure:8012: result: no
configure:8032: checking if : is a manifest tool
configure:8038: : '-?'
configure:8046: result: no
configure:8685: checking for dlfcn.h
configure:8685: gcc -c -g -O0  conftest.c >&5
configure:8685: $? = 0
configure:8685: result: yes
configure:8891: checking for objdir
configure:8906: result: .libs
configure:9173: checking if gcc supports -fno-rtti -fno-exceptions
configure:9191: gcc -c -g -O0  -fno-rtti -fno-exceptions conftest.c >&5
cc1: warning: command line option '-fno-rtti' is valid for C++/ObjC++ but not for C [enabled by default]
configure:9195: $? = 0
configure:9208: result: no
configure:9535: checking for gcc option to produce PIC
configure:9542: result: -fPIC -DPIC
configure:9550: checking if gcc PIC flag -fPIC -DPIC works
configure:9568: gcc -c -g -O0  -fPIC -DPIC -DPIC conftest.c >&5
configure:9572: $? = 0
configure:9585: result: yes
configure:9614: checking if gcc static flag -static works
configure:9642: result: yes
configure:9657: checking if gcc supports -c -o file.o
configure:9678: gcc -c -g -O0  -o out/conftest2.o conftest.c >&5
configure:9682: $? = 0
configure:9704: result: yes
configure:9712: checking if gcc supports -c -o file.o
configure:9759: result: yes
configure:9792: checking whether the gcc linker (/usr/x86_64-pc-linux-gnu/bin/ld -m elf_x86_64) supports shared libraries
configure:10945: result: yes
configure:10982: checking whether -lc should be explicitly linked in
configure:10990: gcc -c -g -O0  conftest.c >&5
configure:10993: $? = 0
configure:11008: gcc -shared  -fPIC -DPIC conftest.o  -v -Wl,-soname -Wl,conftest -o conftest 2\>\&1 \| /bin/grep  -lc  \>/dev/null 2\>\&1
configure:11011: $? = 0
configure:11025: result: no
configure:11185: checking dynamic linker characteristics
configure:11709: gcc -o conftest -g -O0   -Wl,-rpath -Wl,/foo conftest.c  >&5
configure:11709: $? = 0
configure:11931: result: GNU/Linux ld.so
configure:12038: checking how to hardcode library paths into programs
configure:12063: result: immediate
configure:12603: checking whether stripping libraries is possible
configure:12608: result: yes
configure:12643: checking if libtool supports shared libraries
configure:12645: result: yes
configure:12648: checking whether to build shared libraries
configure:12669: result: yes
configure:12672: checking whether to build static libraries
configure:12676: result: yes
configure:12770: checking for pkg-config
configure:12788: found /usr/bin/pkg-config
configure:12800: result: /usr/bin/pkg-config
configure:12825: checking pkg-config is at least version 0.9.0
configure:12828: result: yes
configure:12838: checking for VOCABNOTIFY
configure:12846: $PKG_CONFIG --exists --print-errors "sqlite3
gtk+-3.0 >= 2.90.3 "
configure:12850: $? = 0
configure:12866: $PKG_CONFIG --exists --print-errors "sqlite3
gtk+-3.0 >= 2.90.3 "
configure:12870: $? = 0
configure:12932: result: yes
configure:13051: checking that generated files are newer than configure
configure:13057: result: done
configure:13084: creating ./config.status
configure:15333: WARNING: unrecognized options: --enable-maintainer-mode

## ---------------- ##
## Cache variables. ##
## ---------------- ##

ac_cv_build=x86_64-unknown-linux-gnu
ac_cv_c_compiler_gnu=yes
ac_cv_env_CC_set=
ac_cv_env_CC_value=
ac_cv_env_CFLAGS_set=set
ac_cv_env_CFLAGS_value='-g -O0'
ac_cv_env_CPPFLAGS_set=
ac_cv_env_CPPFLAGS_value=
ac_cv_env_CPP_set=
ac_cv_env_CPP_value=
ac_cv_env_LDFLAGS_set=
ac_cv_env_LDFLAGS_value=
ac_cv_env_LIBS_set=
ac_cv_env_LIBS_value=
ac_cv_env_PKG_CONFIG_LIBDIR_set=
ac_cv_env_PKG_CONFIG_LIBDIR_value=
ac_cv_env_PKG_CONFIG_PATH_set=
ac_cv_env_PKG_CONFIG_PATH_value=
ac_cv_env_PKG_CONFIG_set=
ac_cv_env_PKG_CONFIG_value=
ac_cv_env_VOCABNOTIFY_CFLAGS_set=
ac_cv_env_VOCABNOTIFY_CFLAGS_value=
ac_cv_env_VOCABNOTIFY_LIBS_set=
ac_cv_env_VOCABNOTIFY_LIBS_value=
ac_cv_env_build_alias_set=
ac_cv_env_build_alias_value=
ac_cv_env_host_alias_set=
ac_cv_env_host_alias_value=
ac_cv_env_target_alias_set=
ac_cv_env_target_alias_value=
ac_cv_func_bind_textdomain_codeset=yes
ac_cv_func_dcgettext=yes
ac_cv_header_dlfcn_h=yes
ac_cv_header_inttypes_h=yes
ac_cv_header_libintl_h=yes
ac_cv_header_locale_h=yes
ac_cv_header_memory_h=yes
ac_cv_header_stdc=yes
ac_cv_header_stdint_h=yes
ac_cv_header_stdlib_h=yes
ac_cv_header_string_h=yes
ac_cv_header_strings_h=yes
ac_cv_header_sys_stat_h=yes
ac_cv_header_sys_types_h=yes
ac_cv_header_unistd_h=yes
ac_cv_host=x86_64-unknown-linux-gnu
ac_cv_objext=o
ac_cv_path_EGREP='/bin/grep -E'
ac_cv_path_FGREP='/bin/grep -F'
ac_cv_path_GMSGFMT=/usr/bin/gmsgfmt
ac_cv_path_GREP=/bin/grep
ac_cv_path_INTLTOOL_EXTRACT=/usr/bin/intltool-extract
ac_cv_path_INTLTOOL_MERGE=/usr/bin/intltool-merge
ac_cv_path_INTLTOOL_PERL=/usr/bin/perl
ac_cv_path_INTLTOOL_UPDATE=/usr/bin/intltool-update
ac_cv_path_MSGFMT=/usr/bin/msgfmt
ac_cv_path_MSGMERGE=/usr/bin/msgmerge
ac_cv_path_SED=/bin/sed
ac_cv_path_XGETTEXT=/usr/bin/xgettext
ac_cv_path_ac_pt_PKG_CONFIG=/usr/bin/pkg-config
ac_cv_path_install='/usr/bin/install -c'
ac_cv_path_mkdir=/usr/bin/mkdir
ac_cv_prog_AWK=gawk
ac_cv_prog_CPP='gcc -E'
ac_cv_prog_ac_ct_AR=ar
ac_cv_prog_ac_ct_CC=gcc
ac_cv_prog_ac_ct_OBJDUMP=objdump
ac_cv_prog_ac_ct_RANLIB=ranlib
ac_cv_prog_ac_ct_STRIP=strip
ac_cv_prog_cc_c89=
ac_cv_prog_cc_g=yes
ac_cv_prog_make_make_set=yes
am_cv_CC_dependencies_compiler_type=gcc3
am_cv_make_support_nested_variables=yes
am_cv_val_LC_MESSAGES=yes
gt_cv_func_dgettext_libc=yes
gt_cv_func_dgettext_libintl=no
gt_cv_func_ngettext_libc=yes
gt_cv_have_gettext=yes
lt_cv_ar_at_file=@
lt_cv_archive_cmds_need_lc=no
lt_cv_deplibs_check_method=pass_all
lt_cv_file_magic_cmd='$MAGIC_CMD'
lt_cv_file_magic_test_file=
lt_cv_ld_reload_flag=-r
lt_cv_nm_interface='BSD nm'
lt_cv_objdir=.libs
lt_cv_path_LD=/usr/x86_64-pc-linux-gnu/bin/ld
lt_cv_path_NM='/usr/bin/nm -B'
lt_cv_path_mainfest_tool=no
lt_cv_prog_compiler_c_o=yes
lt_cv_prog_compiler_pic='-fPIC -DPIC'
lt_cv_prog_compiler_pic_works=yes
lt_cv_prog_compiler_rtti_exceptions=no
lt_cv_prog_compiler_static_works=yes
lt_cv_prog_gnu_ld=yes
lt_cv_sharedlib_from_linklib_cmd='printf %s\n'
lt_cv_shlibpath_overrides_runpath=yes
lt_cv_sys_global_symbol_pipe='sed -n -e '\''s/^.*[	 ]\([ABCDGIRSTW][ABCDGIRSTW]*\)[	 ][	 ]*\([_A-Za-z][_A-Za-z0-9]*\)$/\1 \2 \2/p'\'' | sed '\''/ __gnu_lto/d'\'''
lt_cv_sys_global_symbol_to_c_name_address='sed -n -e '\''s/^: \([^ ]*\)[ ]*$/  {\"\1\", (void *) 0},/p'\'' -e '\''s/^[ABCDGIRSTW]* \([^ ]*\) \([^ ]*\)$/  {"\2", (void *) \&\2},/p'\'''
lt_cv_sys_global_symbol_to_c_name_address_lib_prefix='sed -n -e '\''s/^: \([^ ]*\)[ ]*$/  {\"\1\", (void *) 0},/p'\'' -e '\''s/^[ABCDGIRSTW]* \([^ ]*\) \(lib[^ ]*\)$/  {"\2", (void *) \&\2},/p'\'' -e '\''s/^[ABCDGIRSTW]* \([^ ]*\) \([^ ]*\)$/  {"lib\2", (void *) \&\2},/p'\'''
lt_cv_sys_global_symbol_to_cdecl='sed -n -e '\''s/^T .* \(.*\)$/extern int \1();/p'\'' -e '\''s/^[ABCDGIRSTW]* .* \(.*\)$/extern char \1;/p'\'''
lt_cv_sys_max_cmd_len=1572864
lt_cv_to_host_file_cmd=func_convert_file_noop
lt_cv_to_tool_file_cmd=func_convert_file_noop
pkg_cv_VOCABNOTIFY_CFLAGS='-pthread -I/usr/include/gtk-3.0 -I/usr/include/at-spi2-atk/2.0 -I/usr/include/gtk-3.0 -I/usr/include/gio-unix-2.0/ -I/usr/include/cairo -I/usr/include/pango-1.0 -I/usr/include/harfbuzz -I/usr/include/pango-1.0 -I/usr/include/atk-1.0 -I/usr/include/cairo -I/usr/include/pixman-1 -I/usr/include/freetype2 -I/usr/include/libdrm -I/usr/include/gdk-pixbuf-2.0 -I/usr/include/libpng15 -I/usr/include/glib-2.0 -I/usr/lib64/glib-2.0/include '
pkg_cv_VOCABNOTIFY_LIBS='-lsqlite3 -lgtk-3 -lgdk-3 -lpangocairo-1.0 -lpango-1.0 -latk-1.0 -lcairo-gobject -lcairo -lgdk_pixbuf-2.0 -lgio-2.0 -lgobject-2.0 -lglib-2.0 '

## ----------------- ##
## Output variables. ##
## ----------------- ##

ACLOCAL='${SHELL} /home/chol/Documents/Projects/vocabnotify/missing aclocal-1.13'
ALL_LINGUAS=''
AMDEPBACKSLASH='\'
AMDEP_FALSE='#'
AMDEP_TRUE=''
AMTAR='$${TAR-tar}'
AM_BACKSLASH='\'
AM_DEFAULT_V='$(AM_DEFAULT_VERBOSITY)'
AM_DEFAULT_VERBOSITY='0'
AM_V='$(V)'
AR='ar'
AUTOCONF='${SHELL} /home/chol/Documents/Projects/vocabnotify/missing autoconf'
AUTOHEADER='${SHELL} /home/chol/Documents/Projects/vocabnotify/missing autoheader'
AUTOMAKE='${SHELL} /home/chol/Documents/Projects/vocabnotify/missing automake-1.13'
AWK='gawk'
CATALOGS=''
CATOBJEXT='.gmo'
CC='gcc'
CCDEPMODE='depmode=gcc3'
CFLAGS='-g -O0'
CPP='gcc -E'
CPPFLAGS=''
CYGPATH_W='echo'
DATADIRNAME='share'
DEFS='-DHAVE_CONFIG_H'
DEPDIR='.deps'
DLLTOOL='false'
DSYMUTIL=''
DUMPBIN=''
ECHO_C=''
ECHO_N='-n'
ECHO_T=''
EGREP='/bin/grep -E'
EXEEXT=''
FGREP='/bin/grep -F'
GETTEXT_PACKAGE='vocabnotify'
GMOFILES=''
GMSGFMT='/usr/bin/gmsgfmt'
GREP='/bin/grep'
INSTALL_DATA='${INSTALL} -m 644'
INSTALL_PROGRAM='${INSTALL}'
INSTALL_SCRIPT='${INSTALL}'
INSTALL_STRIP_PROGRAM='$(install_sh) -c -s'
INSTOBJEXT='.mo'
INTLLIBS=''
INTLTOOL_CAVES_RULE='%.caves:     %.caves.in     $(INTLTOOL_MERGE) $(wildcard $(top_srcdir)/po/*.po) ; $(INTLTOOL_V_MERGE)LC_ALL=C $(INTLTOOL_MERGE) $(INTLTOOL_V_MERGE_OPTIONS) -d -u -c $(top_builddir)/po/.intltool-merge-cache $(top_srcdir)/po $< $@'
INTLTOOL_DESKTOP_RULE='%.desktop:   %.desktop.in   $(INTLTOOL_MERGE) $(wildcard $(top_srcdir)/po/*.po) ; $(INTLTOOL_V_MERGE)LC_ALL=C $(INTLTOOL_MERGE) $(INTLTOOL_V_MERGE_OPTIONS) -d -u -c $(top_builddir)/po/.intltool-merge-cache $(top_srcdir)/po $< $@'
INTLTOOL_DIRECTORY_RULE='%.directory: %.directory.in $(INTLTOOL_MERGE) $(wildcard $(top_srcdir)/po/*.po) ; $(INTLTOOL_V_MERGE)LC_ALL=C $(INTLTOOL_MERGE) $(INTLTOOL_V_MERGE_OPTIONS) -d -u -c $(top_builddir)/po/.intltool-merge-cache $(top_srcdir)/po $< $@'
INTLTOOL_EXTRACT='/usr/bin/intltool-extract'
INTLTOOL_KBD_RULE='%.kbd:       %.kbd.in       $(INTLTOOL_MERGE) $(wildcard $(top_srcdir)/po/*.po) ; $(INTLTOOL_V_MERGE)LC_ALL=C $(INTLTOOL_MERGE) $(INTLTOOL_V_MERGE_OPTIONS) -x -u -m -c $(top_builddir)/po/.intltool-merge-cache $(top_srcdir)/po $< $@'
INTLTOOL_KEYS_RULE='%.keys:      %.keys.in      $(INTLTOOL_MERGE) $(wildcard $(top_srcdir)/po/*.po) ; $(INTLTOOL_V_MERGE)LC_ALL=C $(INTLTOOL_MERGE) $(INTLTOOL_V_MERGE_OPTIONS) -k -u -c $(top_builddir)/po/.intltool-merge-cache $(top_srcdir)/po $< $@'
INTLTOOL_MERGE='/usr/bin/intltool-merge'
INTLTOOL_OAF_RULE='%.oaf:       %.oaf.in       $(INTLTOOL_MERGE) $(wildcard $(top_srcdir)/po/*.po) ; $(INTLTOOL_V_MERGE)LC_ALL=C $(INTLTOOL_MERGE) $(INTLTOOL_V_MERGE_OPTIONS) -o -p $(top_srcdir)/po $< $@'
INTLTOOL_PERL='/usr/bin/perl'
INTLTOOL_POLICY_RULE='%.policy:    %.policy.in    $(INTLTOOL_MERGE) $(wildcard $(top_srcdir)/po/*.po) ; $(INTLTOOL_V_MERGE)LC_ALL=C $(INTLTOOL_MERGE) $(INTLTOOL_V_MERGE_OPTIONS) -x -u -c $(top_builddir)/po/.intltool-merge-cache $(top_srcdir)/po $< $@'
INTLTOOL_PONG_RULE='%.pong:      %.pong.in      $(INTLTOOL_MERGE) $(wildcard $(top_srcdir)/po/*.po) ; $(INTLTOOL_V_MERGE)LC_ALL=C $(INTLTOOL_MERGE) $(INTLTOOL_V_MERGE_OPTIONS) -x -u -c $(top_builddir)/po/.intltool-merge-cache $(top_srcdir)/po $< $@'
INTLTOOL_PROP_RULE='%.prop:      %.prop.in      $(INTLTOOL_MERGE) $(wildcard $(top_srcdir)/po/*.po) ; $(INTLTOOL_V_MERGE)LC_ALL=C $(INTLTOOL_MERGE) $(INTLTOOL_V_MERGE_OPTIONS) -d -u -c $(top_builddir)/po/.intltool-merge-cache $(top_srcdir)/po $< $@'
INTLTOOL_SCHEMAS_RULE='%.schemas:   %.schemas.in   $(INTLTOOL_MERGE) $(wildcard $(top_srcdir)/po/*.po) ; $(INTLTOOL_V_MERGE)LC_ALL=C $(INTLTOOL_MERGE) $(INTLTOOL_V_MERGE_OPTIONS) -s -u -c $(top_builddir)/po/.intltool-merge-cache $(top_srcdir)/po $< $@'
INTLTOOL_SERVER_RULE='%.server:    %.server.in    $(INTLTOOL_MERGE) $(wildcard $(top_srcdir)/po/*.po) ; $(INTLTOOL_V_MERGE)LC_ALL=C $(INTLTOOL_MERGE) $(INTLTOOL_V_MERGE_OPTIONS) -o -u -c $(top_builddir)/po/.intltool-merge-cache $(top_srcdir)/po $< $@'
INTLTOOL_SERVICE_RULE='%.service: %.service.in   $(INTLTOOL_MERGE) $(wildcard $(top_srcdir)/po/*.po) ; $(INTLTOOL_V_MERGE)LC_ALL=C $(INTLTOOL_MERGE) $(INTLTOOL_V_MERGE_OPTIONS) -d -u -c $(top_builddir)/po/.intltool-merge-cache $(top_srcdir)/po $< $@'
INTLTOOL_SHEET_RULE='%.sheet:     %.sheet.in     $(INTLTOOL_MERGE) $(wildcard $(top_srcdir)/po/*.po) ; $(INTLTOOL_V_MERGE)LC_ALL=C $(INTLTOOL_MERGE) $(INTLTOOL_V_MERGE_OPTIONS) -x -u -c $(top_builddir)/po/.intltool-merge-cache $(top_srcdir)/po $< $@'
INTLTOOL_SOUNDLIST_RULE='%.soundlist: %.soundlist.in $(INTLTOOL_MERGE) $(wildcard $(top_srcdir)/po/*.po) ; $(INTLTOOL_V_MERGE)LC_ALL=C $(INTLTOOL_MERGE) $(INTLTOOL_V_MERGE_OPTIONS) -d -u -c $(top_builddir)/po/.intltool-merge-cache $(top_srcdir)/po $< $@'
INTLTOOL_THEME_RULE='%.theme:     %.theme.in     $(INTLTOOL_MERGE) $(wildcard $(top_srcdir)/po/*.po) ; $(INTLTOOL_V_MERGE)LC_ALL=C $(INTLTOOL_MERGE) $(INTLTOOL_V_MERGE_OPTIONS) -d -u -c $(top_builddir)/po/.intltool-merge-cache $(top_srcdir)/po $< $@'
INTLTOOL_UI_RULE='%.ui:        %.ui.in        $(INTLTOOL_MERGE) $(wildcard $(top_srcdir)/po/*.po) ; $(INTLTOOL_V_MERGE)LC_ALL=C $(INTLTOOL_MERGE) $(INTLTOOL_V_MERGE_OPTIONS) -x -u -c $(top_builddir)/po/.intltool-merge-cache $(top_srcdir)/po $< $@'
INTLTOOL_UPDATE='/usr/bin/intltool-update'
INTLTOOL_V_MERGE='$(INTLTOOL__v_MERGE_$(V))'
INTLTOOL_V_MERGE_OPTIONS='$(intltool__v_merge_options_$(V))'
INTLTOOL_XAM_RULE='%.xam:       %.xml.in       $(INTLTOOL_MERGE) $(wildcard $(top_srcdir)/po/*.po) ; $(INTLTOOL_V_MERGE)LC_ALL=C $(INTLTOOL_MERGE) $(INTLTOOL_V_MERGE_OPTIONS) -x -u -c $(top_builddir)/po/.intltool-merge-cache $(top_srcdir)/po $< $@'
INTLTOOL_XML_NOMERGE_RULE='%.xml:       %.xml.in       $(INTLTOOL_MERGE) ; $(INTLTOOL_V_MERGE)LC_ALL=C $(INTLTOOL_MERGE) $(INTLTOOL_V_MERGE_OPTIONS) -x -u --no-translations $< $@'
INTLTOOL_XML_RULE='%.xml:       %.xml.in       $(INTLTOOL_MERGE) $(wildcard $(top_srcdir)/po/*.po) ; $(INTLTOOL_V_MERGE)LC_ALL=C $(INTLTOOL_MERGE) $(INTLTOOL_V_MERGE_OPTIONS) -x -u -c $(top_builddir)/po/.intltool-merge-cache $(top_srcdir)/po $< $@'
INTLTOOL__v_MERGE_0='@echo "  ITMRG " $@;'
INTLTOOL__v_MERGE_='$(INTLTOOL__v_MERGE_$(AM_DEFAULT_VERBOSITY))'
LD='/usr/x86_64-pc-linux-gnu/bin/ld -m elf_x86_64'
LDFLAGS=''
LIBOBJS=''
LIBS=''
LIBTOOL='$(SHELL) $(top_builddir)/libtool'
LIPO=''
LN_S='ln -s'
LTLIBOBJS=''
MAKEINFO='${SHELL} /home/chol/Documents/Projects/vocabnotify/missing makeinfo'
MANIFEST_TOOL=':'
MKDIR_P='/usr/bin/mkdir -p'
MKINSTALLDIRS='/home/chol/Documents/Projects/vocabnotify/mkinstalldirs'
MSGFMT='/usr/bin/msgfmt'
MSGFMT_OPTS='-c'
MSGMERGE='/usr/bin/msgmerge'
NM='/usr/bin/nm -B'
NMEDIT=''
OBJDUMP='objdump'
OBJEXT='o'
OTOOL64=''
OTOOL=''
PACKAGE='vocabnotify'
PACKAGE_BUGREPORT=''
PACKAGE_NAME='vocabnotify'
PACKAGE_STRING='vocabnotify 0.1'
PACKAGE_TARNAME='vocabnotify'
PACKAGE_URL=''
PACKAGE_VERSION='0.1'
PATH_SEPARATOR=':'
PKG_CONFIG='/usr/bin/pkg-config'
PKG_CONFIG_LIBDIR=''
PKG_CONFIG_PATH=''
POFILES=''
POSUB='po'
PO_IN_DATADIR_FALSE=''
PO_IN_DATADIR_TRUE=''
RANLIB='ranlib'
SED='/bin/sed'
SET_MAKE=''
SHELL='/bin/sh'
STRIP='strip'
USE_NLS='yes'
VERSION='0.1'
VOCABNOTIFY_CFLAGS='-pthread -I/usr/include/gtk-3.0 -I/usr/include/at-spi2-atk/2.0 -I/usr/include/gtk-3.0 -I/usr/include/gio-unix-2.0/ -I/usr/include/cairo -I/usr/include/pango-1.0 -I/usr/include/harfbuzz -I/usr/include/pango-1.0 -I/usr/include/atk-1.0 -I/usr/include/cairo -I/usr/include/pixman-1 -I/usr/include/freetype2 -I/usr/include/libdrm -I/usr/include/gdk-pixbuf-2.0 -I/usr/include/libpng15 -I/usr/include/glib-2.0 -I/usr/lib64/glib-2.0/include '
VOCABNOTIFY_LIBS='-lsqlite3 -lgtk-3 -lgdk-3 -lpangocairo-1.0 -lpango-1.0 -latk-1.0 -lcairo-gobject -lcairo -lgdk_pixbuf-2.0 -lgio-2.0 -lgobject-2.0 -lglib-2.0 '
XGETTEXT='/usr/bin/xgettext'
ac_ct_AR='ar'
ac_ct_CC='gcc'
ac_ct_DUMPBIN=''
am__EXEEXT_FALSE=''
am__EXEEXT_TRUE='#'
am__fastdepCC_FALSE='#'
am__fastdepCC_TRUE=''
am__include='include'
am__isrc=' -I$(srcdir)'
am__leading_dot='.'
am__nodep='_no'
am__quote=''
am__tar='$${TAR-tar} chof - "$$tardir"'
am__untar='$${TAR-tar} xf -'
bindir='${exec_prefix}/bin'
build='x86_64-unknown-linux-gnu'
build_alias=''
build_cpu='x86_64'
build_os='linux-gnu'
build_vendor='unknown'
datadir='${datarootdir}'
datarootdir='${prefix}/share'
docdir='${datarootdir}/doc/${PACKAGE_TARNAME}'
dvidir='${docdir}'
exec_prefix='${prefix}'
host='x86_64-unknown-linux-gnu'
host_alias=''
host_cpu='x86_64'
host_os='linux-gnu'
host_vendor='unknown'
htmldir='${docdir}'
includedir='${prefix}/include'
infodir='${datarootdir}/info'
install_sh='${SHELL} /home/chol/Documents/Projects/vocabnotify/install-sh'
intltool__v_merge_options_0='-q'
intltool__v_merge_options_='$(intltool__v_merge_options_$(AM_DEFAULT_VERBOSITY))'
libdir='${exec_prefix}/lib'
libexecdir='${exec_prefix}/libexec'
localedir='${datarootdir}/locale'
localstatedir='${prefix}/var'
mandir='${datarootdir}/man'
mkdir_p='$(MKDIR_P)'
oldincludedir='/usr/include'
pdfdir='${docdir}'
prefix='/usr/local'
program_transform_name='s,x,x,'
psdir='${docdir}'
sbindir='${exec_prefix}/sbin'
sharedstatedir='${prefix}/com'
sysconfdir='${prefix}/etc'
target_alias=''

## ----------- ##
## confdefs.h. ##
## ----------- ##

/* confdefs.h */
#define PACKAGE_NAME "vocabnotify"
#define PACKAGE_TARNAME "vocabnotify"
#define PACKAGE_VERSION "0.1"
#define PACKAGE_STRING "vocabnotify 0.1"
#define PACKAGE_BUGREPORT ""
#define PACKAGE_URL ""
#define PACKAGE "vocabnotify"
#define VERSION "0.1"
#define GETTEXT_PACKAGE "vocabnotify"
#define STDC_HEADERS 1
#define HAVE_SYS_TYPES_H 1
#define HAVE_SYS_STAT_H 1
#define HAVE_STDLIB_H 1
#define HAVE_STRING_H 1
#define HAVE_MEMORY_H 1
#define HAVE_STRINGS_H 1
#define HAVE_INTTYPES_H 1
#define HAVE_STDINT_H 1
#define HAVE_UNISTD_H 1
#define HAVE_LOCALE_H 1
#define HAVE_LC_MESSAGES 1
#define HAVE_BIND_TEXTDOMAIN_CODESET 1
#define HAVE_GETTEXT 1
#define HAVE_DCGETTEXT 1
#define ENABLE_NLS 1
#define HAVE_DLFCN_H 1
#define LT_OBJDIR ".libs/"

configure: exit 0

## ---------------------- ##
## Running config.status. ##
## ---------------------- ##

This file was extended by vocabnotify config.status 0.1, which was
generated by GNU Autoconf 2.69.  Invocation command line was

  CONFIG_FILES    = 
  CONFIG_HEADERS  = 
  CONFIG_LINKS    = 
  CONFIG_COMMANDS = 
  $ ./config.status 

on localhost

config.status:1167: creating Makefile
config.status:1167: creating src/Makefile
config.status:1167: creating po/Makefile.in
config.status:1167: creating pixmaps/Makefile
config.status:1167: creating config.h
config.status:1333: config.h is unchanged
config.status:1381: executing depfiles commands
config.status:1381: executing default-1 commands
config.status:1381: executing libtool commands
config.status:1381: executing po/stamp-it commands
